<?xml version="1.0" encoding="UTF-8"?>
<!-- Generated by org.testng.reporters.JUnitXMLReporter -->
<testsuite hostname="quyentx-w7" name="Test" tests="6" failures="0" timestamp="1 Mar 2016 09:34:26 GMT" time="22.034" errors="0">
  <testcase name="loginFail" time="3.731" classname="com.vsii.tsc.TSCSelenium03.tranglt.LoginTest"/>
  <testcase name="loginFail" time="4.746" classname="com.vsii.tsc.TSCSelenium03.tranglt.LoginTest"/>
  <testcase name="loginFail" time="2.066" classname="com.vsii.tsc.TSCSelenium03.tranglt.LoginTest"/>
  <testcase name="loginFail" time="2.06" classname="com.vsii.tsc.TSCSelenium03.tranglt.LoginTest"/>
  <testcase name="loginSucc" time="2.354" classname="com.vsii.tsc.TSCSelenium03.tranglt.LoginTest"/>
  <testcase name="find" time="6.626" classname="com.vsii.tsc.TSCSelenium03.tranglt.FlightFinderTest"/>
</testsuite> <!-- Test -->
