<?xml version="1.0" encoding="UTF-8"?>
<!-- Generated by org.testng.reporters.JUnitXMLReporter -->
<testsuite hostname="TrangLe-PC" name="Test" tests="6" failures="0" timestamp="28 Feb 2016 15:23:43 GMT" time="42.157" errors="0">
  <testcase name="loginFail" time="6.068" classname="com.vsii.tsc.TSCSelenium03.tranglt.LoginTest"/>
  <testcase name="loginFail" time="3.292" classname="com.vsii.tsc.TSCSelenium03.tranglt.LoginTest"/>
  <testcase name="loginFail" time="3.182" classname="com.vsii.tsc.TSCSelenium03.tranglt.LoginTest"/>
  <testcase name="loginFail" time="3.963" classname="com.vsii.tsc.TSCSelenium03.tranglt.LoginTest"/>
  <testcase name="loginSucc" time="5.336" classname="com.vsii.tsc.TSCSelenium03.tranglt.LoginTest"/>
  <testcase name="find" time="16.729" classname="com.vsii.tsc.TSCSelenium03.tranglt.FlightFinderTest"/>
</testsuite> <!-- Test -->
